<?xml version="1.0" encoding="UTF-8"?>
<!-- Generated by org.testng.reporters.JUnitReportReporter -->
<testsuite hostname="lin81002596" failures="0" tests="2" name="TestNG.LOGINFORDEMOWEBSITE" time="18.568" errors="0" timestamp="2023-11-30T16:20:34 IST" skipped="0">
  <testcase classname="TestNG.LOGINFORDEMOWEBSITE" name="browserSetup" time="17.139"/>
  <system-out/>
  <testcase classname="TestNG.LOGINFORDEMOWEBSITE" name="test" time="1.429"/>
  <system-out/>
</testsuite> <!-- TestNG.LOGINFORDEMOWEBSITE -->
