<?xml version="1.0" encoding="UTF-8"?>
<!-- Generated by org.testng.reporters.JUnitReportReporter -->
<testsuite hostname="lin81002596" failures="0" tests="3" name="TestNG.TAnnotations" time="0.028" errors="0" timestamp="2023-11-30T16:20:34 IST" skipped="0">
  <testcase classname="TestNG.TAnnotations" name="Loginsucessful" time="0.017"/>
  <system-out/>
  <testcase classname="TestNG.TAnnotations" name="titlevalidation" time="0.006"/>
  <system-out/>
  <testcase classname="TestNG.TAnnotations" name="searchproduct" time="0.005"/>
  <system-out/>
</testsuite> <!-- TestNG.TAnnotations -->
