<?xml version="1.0" encoding="UTF-8"?>
<!-- Generated by org.testng.reporters.JUnitReportReporter -->
<testsuite hostname="lin81002596" failures="0" tests="1" name="TestNG.Parameters" time="90.319" errors="0" timestamp="2023-11-30T10:52:07 IST" skipped="0">
  <testcase classname="TestNG.Parameters" name="browserSetup" time="90.319"/>
  <system-out/>
</testsuite> <!-- TestNG.Parameters -->
